\BOOKMARK [0][-]{chapter.1}{\376\377\000R\116\345\123\312\000r\000B\000A\000S\133\211\210\305}{}% 1
\BOOKMARK [1][-]{section.1.1}{\376\377\000R\133\211\210\305}{chapter.1}% 2
\BOOKMARK [1][-]{section.1.2}{\376\377\000R\000s\000t\000u\000d\000i\000o\133\211\210\305}{chapter.1}% 3
\BOOKMARK [1][-]{section.1.3}{\376\377\000r\000B\000A\000S\133\211\210\305}{chapter.1}% 4
\BOOKMARK [0][-]{chapter.2}{\376\377\173\227\154\325\123\237\164\006}{}% 5
\BOOKMARK [1][-]{section.2.1}{\376\377\000B\000A\000S}{chapter.2}% 6
\BOOKMARK [2][-]{subsection.2.1.1}{\376\377\173\227\154\325\155\101\172\013}{section.2.1}% 7
\BOOKMARK [2][-]{subsection.2.1.2}{\376\377\116\015\215\263\116\016\145\071\217\333}{section.2.1}% 8
\BOOKMARK [1][-]{section.2.2}{\376\377\000B\000S\000A\000S}{chapter.2}% 9
\BOOKMARK [2][-]{subsection.2.2.1}{\376\377\116\016\000B\000A\000S\116\015\124\014\116\113\131\004}{section.2.2}% 10
\BOOKMARK [2][-]{subsection.2.2.2}{\376\377\116\015\215\263\116\016\145\071\217\333}{section.2.2}% 11
\BOOKMARK [1][-]{section.2.3}{\376\377\000B\000A\000S\000-\000W\000P\000T}{chapter.2}% 12
\BOOKMARK [2][-]{subsection.2.3.1}{\376\377\116\016\000B\000A\000S\116\015\124\014\116\113\131\004}{section.2.3}% 13
\BOOKMARK [2][-]{subsection.2.3.2}{\376\377\176\246\147\137\225\356\230\230\142\275\214\141\137\142\137\017}{section.2.3}% 14
\BOOKMARK [2][-]{subsection.2.3.3}{\376\377\116\015\215\263\116\016\145\071\217\333}{section.2.3}% 15
\BOOKMARK [1][-]{section.2.4}{\376\377\000B\000A\000S\000\040\000w\000i\000t\000h\000\040\000m\000o\000m\000e\000n\000t\000u\000m\000\050\000s\000e\000c\000o\000n\000d\000-\000o\000r\000d\000e\000r\000\040\000B\000A\000S\000\051}{chapter.2}% 16
\BOOKMARK [2][-]{subsection.2.4.1}{\376\377\173\227\154\325\123\237\164\006}{section.2.4}% 17
\BOOKMARK [2][-]{subsection.2.4.2}{\376\377\116\015\215\263\116\016\145\071\217\333}{section.2.4}% 18
\BOOKMARK [0][-]{chapter.3}{\376\377\155\367\124\010\173\227\154\325}{}% 19
\BOOKMARK [1][-]{section.3.1}{\376\377\000B\000S\000O}{chapter.3}% 20
\BOOKMARK [2][-]{subsection.3.1.1}{\376\377\174\222\133\120\177\244\173\227\154\325\155\101\172\013}{section.3.1}% 21
\BOOKMARK [2][-]{subsection.3.1.2}{\376\377\116\016\000B\000A\000S\166\204\176\323\124\010}{section.3.1}% 22
\BOOKMARK [2][-]{subsection.3.1.3}{\376\377\140\073\176\323}{section.3.1}% 23
\BOOKMARK [2][-]{subsection.3.1.4}{\376\377\173\227\154\325\214\003\165\050\213\364\146\016}{section.3.1}% 24
\BOOKMARK [1][-]{section.3.2}{\376\377\000b\000B\000A\000S}{chapter.3}% 25
\BOOKMARK [2][-]{subsection.3.2.1}{\376\377\173\227\154\325\155\101\172\013}{section.3.2}% 26
\BOOKMARK [2][-]{subsection.3.2.2}{\376\377\140\073\176\323}{section.3.2}% 27
\BOOKMARK [0][-]{chapter.4}{\376\377\121\375\145\160\117\177\165\050}{}% 28
\BOOKMARK [1][-]{section.4.1}{\376\377\000B\000A\000S\000o\000p\000t\000i\000m\000/\000B\000A\000S\000o\000p\000t\000i\000m\0002}{chapter.4}% 29
\BOOKMARK [2][-]{subsection.4.1.1}{\376\377\000B\000A\000S\000o\000p\000t\000i\000m\123\302\145\160\213\364\146\016}{section.4.1}% 30
\BOOKMARK [2][-]{subsection.4.1.2}{\376\377\000B\000A\000S\0002\000o\000p\000t\000i\000m\123\302\145\160\213\364\146\016}{section.4.1}% 31
\BOOKMARK [2][-]{subsection.4.1.3}{\376\377\000B\000A\000S\000o\000p\000t\000i\000m\173\200\123\125\150\110\117\213}{section.4.1}% 32
\BOOKMARK [2][-]{subsection.4.1.4}{\376\377\000B\000A\000S\000o\000p\000t\000i\000m\0002\173\200\123\125\150\110\117\213}{section.4.1}% 33
\BOOKMARK [1][-]{section.4.2}{\376\377\000B\000S\000A\000S\000o\000p\000t\000i\000m}{chapter.4}% 34
\BOOKMARK [2][-]{subsection.4.2.1}{\376\377\000B\000S\000A\000S\000o\000p\000t\000i\000m\123\302\145\160\213\364\146\016}{section.4.2}% 35
\BOOKMARK [2][-]{subsection.4.2.2}{\376\377\000B\000S\000A\000S\000o\000p\000t\000i\000m\123\326\120\074\144\170\175\042}{section.4.2}% 36
\BOOKMARK [2][-]{subsection.4.2.3}{\376\377\000B\000S\000A\000S\000o\000p\000t\000i\000m\150\110\117\213}{section.4.2}% 37
\BOOKMARK [1][-]{section.4.3}{\376\377\000B\000S\000A\000S\000-\000W\000P\000T}{chapter.4}% 38
\BOOKMARK [2][-]{subsection.4.3.1}{\376\377\000B\000S\000A\000S\000-\000W\000P\000T\000\040\123\302\145\160\213\364\146\016}{section.4.3}% 39
\BOOKMARK [2][-]{subsection.4.3.2}{\376\377\000B\000S\000A\000S\000-\000W\000P\000T\000\040\150\110\117\213}{section.4.3}% 40
\BOOKMARK [1][-]{section.4.4}{\376\377\000B\000S\000O\000o\000p\000t\000i\000m}{chapter.4}% 41
\BOOKMARK [2][-]{subsection.4.4.1}{\376\377\000B\000S\000O\123\302\145\160\213\364\146\016}{section.4.4}% 42
\BOOKMARK [2][-]{subsection.4.4.2}{\376\377\000B\000S\000O\150\110\117\213}{section.4.4}% 43
\BOOKMARK [1][-]{section.4.5}{\376\377\000b\000B\000A\000S}{chapter.4}% 44
\BOOKMARK [2][-]{subsection.4.5.1}{\376\377\000b\000B\000A\000S\123\302\145\160\213\364\146\016}{section.4.5}% 45
\BOOKMARK [2][-]{subsection.4.5.2}{\376\377\000b\000B\000A\000S\150\110\117\213}{section.4.5}% 46
\BOOKMARK [0][-]{chapter.5}{\376\377\165\050\142\067\165\114\227\142}{}% 47
\BOOKMARK [1][-]{section.5.1}{\376\377\214\003\165\050\213\355\123\345}{chapter.5}% 48
\BOOKMARK [1][-]{section.5.2}{\376\377\117\177\165\050\150\110\117\213}{chapter.5}% 49
\BOOKMARK [2][-]{subsection.5.2.1}{\376\377\000M\000i\000c\000h\000a\000l\000e\000w\000i\000c\000z\000\040\000f\000u\000n\000c\000t\000i\000o\000n}{section.5.2}% 50
\BOOKMARK [2][-]{subsection.5.2.2}{\376\377\000P\000r\000e\000s\000s\000u\000r\000e\000\040\000V\000e\000s\000s\000e\000l\000\040\000f\000u\000n\000c\000t\000i\000o\000n}{section.5.2}% 51
\BOOKMARK [1][-]{section.5.3}{\376\377\000A\000u\000t\000h\000o\000r\000s\165\114\227\142}{chapter.5}% 52
\BOOKMARK [0][-]{chapter.6}{\376\377\000B\000A\000S\150\110\117\213\116\000\000:\131\032\147\106\147\072\147\204\117\030\123\026\225\356\230\230}{}% 53
\BOOKMARK [1][-]{section.6.1}{\376\377\200\314\146\157}{chapter.6}% 54
\BOOKMARK [2][-]{subsection.6.1.1}{\376\377\126\333\217\336\147\106\147\072\147\204\000\050\000F\000o\000u\000r\000-\000b\000a\000r\000\040\000l\000i\000n\000k\000a\000g\000e\000\040\000m\000e\000c\000h\000a\000n\000i\000s\000m\000\051}{section.6.1}% 55
\BOOKMARK [2][-]{subsection.6.1.2}{\376\377\121\155\217\336\147\106\147\072\147\204\000\050\000S\000t\000e\000p\000h\000e\000n\000s\000o\000n\000\040\000I\000I\000I\000\040\000S\000i\000x\000-\000b\000a\000r\000\040\000l\000i\000n\000k\000a\000g\000e\000\040\000m\000e\000c\000h\000a\000n\000i\000s\000m\000\051}{section.6.1}% 56
\BOOKMARK [1][-]{section.6.2}{\376\377\117\030\123\026\225\356\230\230}{chapter.6}% 57
\BOOKMARK [2][-]{subsection.6.2.1}{\376\377\126\333\217\336\147\106\147\072\147\204}{section.6.2}% 58
\BOOKMARK [2][-]{subsection.6.2.2}{\376\377\121\155\217\336\147\106\147\072\147\204}{section.6.2}% 59
\BOOKMARK [1][-]{section.6.3}{\376\377\117\030\123\026\164\006\213\272}{chapter.6}% 60
\BOOKMARK [1][-]{section.6.4}{\376\377\117\030\123\026\176\323\147\234}{chapter.6}% 61
\BOOKMARK [2][-]{subsection.6.4.1}{\376\377\000C\000a\000s\000e\0001\000\040\145\340\211\304\133\232\145\366\225\364\121\205\217\150\217\371\165\037\142\020\000\050\000P\000a\000t\000h\000\040\000g\000e\000n\000e\000r\000a\000t\000i\000o\000n\000\040\000w\000i\000t\000h\000o\000u\000t\000\040\000p\000r\000e\000s\000c\000r\000i\000b\000e\000d\000\040\000t\000i\000m\000i\000n\000g\000\051}{section.6.4}% 62
\BOOKMARK [2][-]{subsection.6.4.2}{\376\377\000C\000a\000s\000e\0002\000\040\147\011\211\304\133\232\145\366\225\364\166\204\217\150\217\371\165\037\142\020\000\050\000w\000i\000t\000h\000\040\000p\000r\000e\000s\000c\000r\000i\000b\000e\000d\000\040\000t\000i\000m\000i\000n\000g\000\051}{section.6.4}% 63
\BOOKMARK [2][-]{subsection.6.4.3}{\376\377\000C\000a\000s\000e\0003\000\040\211\304\133\232\145\366\225\364\121\205\215\357\137\204\165\037\142\020\377\010\000P\000a\000t\000h\000\040\000g\000e\000n\000e\000r\000a\000t\000i\000o\000n\000\040\000w\000i\000t\000h\000\040\000p\000r\000e\000s\000c\000r\000i\000b\000e\000d\000\040\000t\000i\000m\000i\000n\000g\377\011}{section.6.4}% 64
\BOOKMARK [2][-]{subsection.6.4.4}{\376\377\000C\000a\000s\000e\0004\000\040\211\304\133\232\145\366\225\364\215\357\137\204\165\037\142\020\225\356\230\230}{section.6.4}% 65
\BOOKMARK [2][-]{subsection.6.4.5}{\376\377\000C\000a\000s\000e\0005\000\040\211\304\133\232\145\366\225\364\121\205\215\357\137\204\165\037\142\020\225\356\230\230}{section.6.4}% 66
\BOOKMARK [2][-]{subsection.6.4.6}{\376\377\000C\000a\000s\000e\0006\000\040\121\155\147\106\147\072\147\204\215\357\137\204\165\037\142\020}{section.6.4}% 67
\BOOKMARK [2][-]{subsection.6.4.7}{\376\377\000C\000a\000s\000e\0007\000\040\145\340\211\304\133\232\145\366\225\364\166\204\215\357\137\204\165\037\142\020}{section.6.4}% 68
\BOOKMARK [2][-]{subsection.6.4.8}{\376\377\000C\000a\000s\000e\0008\000\040\145\340\211\304\133\232\145\366\225\364\166\204\215\357\137\204\165\037\142\020}{section.6.4}% 69
\BOOKMARK [0][-]{chapter.7}{\376\377\000B\000A\000S\150\110\117\213\116\214\000:\237\231\225\350\215\167\221\315\147\072\217\320\122\250\143\247\122\066}{}% 70
\BOOKMARK [1][-]{section.7.1}{\376\377\225\356\230\230\200\314\146\157}{chapter.7}% 71
\BOOKMARK [1][-]{section.7.2}{\376\377\117\030\123\026\225\356\230\230\142\275\214\141}{chapter.7}% 72
\BOOKMARK [1][-]{section.7.3}{\376\377\117\030\123\026\164\006\213\272}{chapter.7}% 73
\BOOKMARK [1][-]{section.7.4}{\376\377\117\030\123\026\176\323\147\234}{chapter.7}% 74
\BOOKMARK [0][-]{chapter.8}{\376\377\000P\000y\000t\000h\000o\000n\143\245\123\343}{}% 75
\BOOKMARK [1][-]{section.8.1}{\376\377\133\211\210\305\145\271\137\017}{chapter.8}% 76
\BOOKMARK [1][-]{section.8.2}{\376\377\117\177\165\050}{chapter.8}% 77
\BOOKMARK [0][-]{chapter.9}{\376\377\135\362\123\321\210\150\135\345\117\134}{}% 78
\BOOKMARK [1][-]{section.9.1}{\376\377\135\345\121\167\173\261\000/\217\157\116\366}{chapter.9}% 79
\BOOKMARK [1][-]{section.9.2}{\376\377\213\272\145\207}{chapter.9}% 80
\BOOKMARK [1][-]{section.9.3}{\376\377\116\023\122\051}{chapter.9}% 81
\BOOKMARK [0][-]{chapter.10}{\376\377\214\003\123\302}{}% 82
\BOOKMARK [1][-]{section.10.1}{\376\377\142\200\135\347\0001\377\032\232\330\176\364\225\356\230\230\166\204\122\035\131\313\153\145\225\177\213\276\133\232}{chapter.10}% 83
\BOOKMARK [2][-]{subsection.10.1.1}{\376\377\123\237\164\006}{section.10.1}% 84
\BOOKMARK [2][-]{subsection.10.1.2}{\376\377\155\113\213\325\121\375\145\160}{section.10.1}% 85
\BOOKMARK [2][-]{subsection.10.1.3}{\376\377\000B\000A\000S\155\113\213\325\116\343\170\001}{section.10.1}% 86
\BOOKMARK [2][-]{subsection.10.1.4}{\376\377\000B\000A\000S\155\113\213\325\176\323\147\234}{section.10.1}% 87
\BOOKMARK [2][-]{subsection.10.1.5}{\376\377\000B\000S\000A\000S\000\040\155\113\213\325\116\343\170\001}{section.10.1}% 88
\BOOKMARK [2][-]{subsection.10.1.6}{\376\377\000B\000S\000A\000S\155\113\213\325\176\323\147\234}{section.10.1}% 89
\BOOKMARK [2][-]{subsection.10.1.7}{\376\377\140\073\176\323}{section.10.1}% 90
\BOOKMARK [1][-]{section.10.2}{\376\377\142\200\135\347\0002\377\032\122\044\145\255\217\355\116\343\176\310\153\142\145\366\173\227\154\325\145\066\145\133\162\266\121\265}{chapter.10}% 91
\BOOKMARK [2][-]{subsection.10.2.1}{\376\377\133\236\232\214\0001}{section.10.2}% 92
\BOOKMARK [2][-]{subsection.10.2.2}{\376\377\133\236\232\214\0002}{section.10.2}% 93
\BOOKMARK [0][-]{chapter.11}{\376\377\146\364\145\260\123\312\176\364\142\244\213\241\122\022}{}% 94
\BOOKMARK [1][-]{section.11.1}{\376\377\135\345\121\167\173\261}{chapter.11}% 95
\BOOKMARK [1][-]{section.11.2}{\376\377\137\205\122\240\121\145\166\204\122\237\200\375}{chapter.11}% 96
\BOOKMARK [1][-]{section.11.3}{\376\377\200\124\174\373\145\271\137\017}{chapter.11}% 97
\BOOKMARK [0][-]{Item.6}{\376\377\226\104\137\125}{}% 98
